
Showing logs for build [32mcb-kubecd-environment-pr-36-1-b-pjfsk-1[0m stage [32mfrom-build-pack[0m and container [32mstep-credential-initializer-rnnrz[0m
{"level":"warn","ts":1573039081.5749686,"logger":"fallback-logger","caller":"logging/config.go:69","msg":"Fetch GitHub commit ID from kodata failed: \"ref: refs/heads/master\" is not a valid GitHub commit ID"}
{"level":"info","ts":1573039081.5770326,"logger":"fallback-logger","caller":"creds-init/main.go:40","msg":"Credentials initialized."}

Showing logs for build [32mcb-kubecd-environment-pr-36-1-b-pjfsk-1[0m stage [32mfrom-build-pack[0m and container [32mstep-working-dir-initializer-jpd2s[0m
{"level":"warn","ts":1573039082.0009885,"logger":"fallback-logger","caller":"logging/config.go:69","msg":"Fetch GitHub commit ID from kodata failed: open /var/run/ko/HEAD: no such file or directory"}
{"level":"info","ts":1573039082.125902,"logger":"fallback-logger","caller":"bash/main.go:65","msg":"Successfully executed command \"mkdir -p /workspace/source\""}

Showing logs for build [32mcb-kubecd-environment-pr-36-1-b-pjfsk-1[0m stage [32mfrom-build-pack[0m and container [32mstep-place-tools[0m

Showing logs for build [32mcb-kubecd-environment-pr-36-1-b-pjfsk-1[0m stage [32mfrom-build-pack[0m and container [32mstep-git-source-cb-kubecd-environment-pr-36-1-b-6nwv5[0m
{"level":"warn","ts":1573039086.1025066,"logger":"fallback-logger","caller":"logging/config.go:69","msg":"Fetch GitHub commit ID from kodata failed: \"ref: refs/heads/master\" is not a valid GitHub commit ID"}
{"level":"info","ts":1573039087.1632922,"logger":"fallback-logger","caller":"git/git.go:102","msg":"Successfully cloned https://github.com/cb-kubecd/environment-pr-36-1-boot-gke-staging.git @ e8df6a9fae8dd28012e5d99bee006ee0935e66a5 in path /workspace/source"}

Showing logs for build [32mcb-kubecd-environment-pr-36-1-b-pjfsk-1[0m stage [32mfrom-build-pack[0m and container [32mstep-git-merge[0m
Using SHAs from PULL_REFS=master:2ab34dc81328d9320d7b3abe74c96ce0fb771e73,3:e8df6a9fae8dd28012e5d99bee006ee0935e66a5
DEBUG: ran git fetch --unshallow origin e8df6a9fae8dd28012e5d99bee006ee0935e66a5: 2ab34dc81328d9320d7b3abe74c96ce0fb771e73: in 
DEBUG: ran git checkout master in 
DEBUG: ran git reset --hard 2ab34dc81328d9320d7b3abe74c96ce0fb771e73 in 
DEBUG: ran clean --force -d . in 
DEBUG: ran git merge e8df6a9fae8dd28012e5d99bee006ee0935e66a5 in 
Merged SHA e8df6a9fae8dd28012e5d99bee006ee0935e66a5 with commit message 'chore: Promote bdd-sbhg-1573038476 to version 0.0.1' into base branch master

Showing logs for build [32mcb-kubecd-environment-pr-36-1-b-pjfsk-1[0m stage [32mfrom-build-pack[0m and container [32mstep-build-helm-build[0m
WARNING: No $CHART_REPOSITORY defined so using the default value of: http://jenkins-x-chartmuseum:8080
Adding missing Helm repo: storage.googleapis.com https://storage.googleapis.com/chartmuseum.jenkins-x.io
Read credentials for https://storage.googleapis.com/chartmuseum.jenkins-x.io from vault helm/repos
Successfully added Helm repository storage.googleapis.com.
Adding missing Helm repo: jenkins-x-chartmuseum http://jenkins-x-chartmuseum:8080
Read credentials for http://jenkins-x-chartmuseum:8080 from vault helm/repos
Successfully added Helm repository jenkins-x-chartmuseum.
WARNING: No $CHART_REPOSITORY defined so using the default value of: http://jenkins-x-chartmuseum:8080
Adding missing Helm repo: chartmuseum.jenkins-x.io http://chartmuseum.jenkins-x.io
Read credentials for http://chartmuseum.jenkins-x.io from vault helm/repos
Successfully added Helm repository chartmuseum.jenkins-x.io.
