
Showing logs for build [32mcb-kubecd-environment-pr-36-1-b-jc6w7-1[0m stage [32mfrom-build-pack[0m and container [32mstep-credential-initializer-hmcm9[0m
{"level":"warn","ts":1573039779.9364254,"logger":"fallback-logger","caller":"logging/config.go:69","msg":"Fetch GitHub commit ID from kodata failed: \"ref: refs/heads/master\" is not a valid GitHub commit ID"}
{"level":"info","ts":1573039779.9374802,"logger":"fallback-logger","caller":"creds-init/main.go:40","msg":"Credentials initialized."}

Showing logs for build [32mcb-kubecd-environment-pr-36-1-b-jc6w7-1[0m stage [32mfrom-build-pack[0m and container [32mstep-working-dir-initializer-rjg96[0m
{"level":"warn","ts":1573039780.875776,"logger":"fallback-logger","caller":"logging/config.go:69","msg":"Fetch GitHub commit ID from kodata failed: open /var/run/ko/HEAD: no such file or directory"}
{"level":"info","ts":1573039780.886357,"logger":"fallback-logger","caller":"bash/main.go:65","msg":"Successfully executed command \"mkdir -p /workspace/source\""}

Showing logs for build [32mcb-kubecd-environment-pr-36-1-b-jc6w7-1[0m stage [32mfrom-build-pack[0m and container [32mstep-place-tools[0m

Showing logs for build [32mcb-kubecd-environment-pr-36-1-b-jc6w7-1[0m stage [32mfrom-build-pack[0m and container [32mstep-git-source-cb-kubecd-environment-pr-36-1-b-w9qb6[0m
{"level":"warn","ts":1573039813.0354645,"logger":"fallback-logger","caller":"logging/config.go:69","msg":"Fetch GitHub commit ID from kodata failed: \"ref: refs/heads/master\" is not a valid GitHub commit ID"}
{"level":"info","ts":1573039817.608131,"logger":"fallback-logger","caller":"git/git.go:102","msg":"Successfully cloned https://github.com/cb-kubecd/environment-pr-36-1-boot-gke-staging.git @ 05a1a826da393d40758948abb644cd240d8b39d0 in path /workspace/source"}

Showing logs for build [32mcb-kubecd-environment-pr-36-1-b-jc6w7-1[0m stage [32mfrom-build-pack[0m and container [32mstep-git-merge[0m
Using SHAs from PULL_REFS=master:7ae85f024448bf5a31c92568690c550882633d6c,4:05a1a826da393d40758948abb644cd240d8b39d0
DEBUG: ran git fetch --unshallow origin 05a1a826da393d40758948abb644cd240d8b39d0: 7ae85f024448bf5a31c92568690c550882633d6c: in 
DEBUG: ran git checkout master in 
DEBUG: ran git reset --hard 7ae85f024448bf5a31c92568690c550882633d6c in 
DEBUG: ran clean --force -d . in 
DEBUG: ran git merge 05a1a826da393d40758948abb644cd240d8b39d0 in 
Merged SHA 05a1a826da393d40758948abb644cd240d8b39d0 with commit message 'chore: Promote bdd-nh-1573038476 to version 0.0.1' into base branch master

Showing logs for build [32mcb-kubecd-environment-pr-36-1-b-jc6w7-1[0m stage [32mfrom-build-pack[0m and container [32mstep-build-helm-build[0m
WARNING: No $CHART_REPOSITORY defined so using the default value of: http://jenkins-x-chartmuseum:8080
Adding missing Helm repo: storage.googleapis.com https://storage.googleapis.com/chartmuseum.jenkins-x.io
Read credentials for https://storage.googleapis.com/chartmuseum.jenkins-x.io from vault helm/repos
Successfully added Helm repository storage.googleapis.com.
Adding missing Helm repo: jenkins-x-chartmuseum http://jenkins-x-chartmuseum:8080
Read credentials for http://jenkins-x-chartmuseum:8080 from vault helm/repos
Successfully added Helm repository jenkins-x-chartmuseum.
WARNING: No $CHART_REPOSITORY defined so using the default value of: http://jenkins-x-chartmuseum:8080
Adding missing Helm repo: chartmuseum.jenkins-x.io http://chartmuseum.jenkins-x.io
Read credentials for http://chartmuseum.jenkins-x.io from vault helm/repos
Successfully added Helm repository chartmuseum.jenkins-x.io.
