
Showing logs for build [32mcb-kubecd-environment-pr-36-1-b-1[0m stage [32mfrom-build-pack[0m and container [32mstep-credential-initializer-zbcm9[0m
{"level":"warn","ts":1573037859.588001,"logger":"fallback-logger","caller":"logging/config.go:69","msg":"Fetch GitHub commit ID from kodata failed: \"ref: refs/heads/master\" is not a valid GitHub commit ID"}
{"level":"info","ts":1573037859.5885274,"logger":"fallback-logger","caller":"creds-init/main.go:40","msg":"Credentials initialized."}

Showing logs for build [32mcb-kubecd-environment-pr-36-1-b-1[0m stage [32mfrom-build-pack[0m and container [32mstep-working-dir-initializer-5ktks[0m
{"level":"warn","ts":1573037861.2746425,"logger":"fallback-logger","caller":"logging/config.go:69","msg":"Fetch GitHub commit ID from kodata failed: open /var/run/ko/HEAD: no such file or directory"}
{"level":"info","ts":1573037861.2762754,"logger":"fallback-logger","caller":"bash/main.go:65","msg":"Successfully executed command \"mkdir -p /workspace/source\""}

Showing logs for build [32mcb-kubecd-environment-pr-36-1-b-1[0m stage [32mfrom-build-pack[0m and container [32mstep-place-tools[0m

Showing logs for build [32mcb-kubecd-environment-pr-36-1-b-1[0m stage [32mfrom-build-pack[0m and container [32mstep-git-source-cb-kubecd-environment-pr-36-1-b-cnp6l[0m
{"level":"warn","ts":1573037866.1873858,"logger":"fallback-logger","caller":"logging/config.go:69","msg":"Fetch GitHub commit ID from kodata failed: \"ref: refs/heads/master\" is not a valid GitHub commit ID"}
{"level":"info","ts":1573037867.2933178,"logger":"fallback-logger","caller":"git/git.go:102","msg":"Successfully cloned https://github.com/cb-kubecd/environment-pr-36-1-boot-gke-staging.git @ f665d9ffe570f94afa93f0e4435371784ff8f92d in path /workspace/source"}

Showing logs for build [32mcb-kubecd-environment-pr-36-1-b-1[0m stage [32mfrom-build-pack[0m and container [32mstep-git-merge[0m
Using SHAs from PULL_REFS=master:4472135cc73f5eb3827f8b5ae3ba620a03c4f030,1:f665d9ffe570f94afa93f0e4435371784ff8f92d
DEBUG: ran git fetch --unshallow origin f665d9ffe570f94afa93f0e4435371784ff8f92d: 4472135cc73f5eb3827f8b5ae3ba620a03c4f030: in 
DEBUG: ran git checkout master in 
DEBUG: ran git reset --hard 4472135cc73f5eb3827f8b5ae3ba620a03c4f030 in 
DEBUG: ran clean --force -d . in 
DEBUG: ran git merge f665d9ffe570f94afa93f0e4435371784ff8f92d in 
Merged SHA f665d9ffe570f94afa93f0e4435371784ff8f92d with commit message 'chore: Promote bdd-spring-1573037616 to version 0.0.1' into base branch master

Showing logs for build [32mcb-kubecd-environment-pr-36-1-b-1[0m stage [32mfrom-build-pack[0m and container [32mstep-build-helm-build[0m
WARNING: No $CHART_REPOSITORY defined so using the default value of: http://jenkins-x-chartmuseum:8080
Adding missing Helm repo: storage.googleapis.com https://storage.googleapis.com/chartmuseum.jenkins-x.io
Read credentials for https://storage.googleapis.com/chartmuseum.jenkins-x.io from vault helm/repos
Successfully added Helm repository storage.googleapis.com.
Adding missing Helm repo: jenkins-x-chartmuseum http://jenkins-x-chartmuseum:8080
Read credentials for http://jenkins-x-chartmuseum:8080 from vault helm/repos
Successfully added Helm repository jenkins-x-chartmuseum.
WARNING: No $CHART_REPOSITORY defined so using the default value of: http://jenkins-x-chartmuseum:8080
Adding missing Helm repo: chartmuseum.jenkins-x.io http://chartmuseum.jenkins-x.io
Read credentials for http://chartmuseum.jenkins-x.io from vault helm/repos
Successfully added Helm repository chartmuseum.jenkins-x.io.
