
Showing logs for build [32mcb-kubecd-environment-pr-36-1-b-p6rld-1[0m stage [32mfrom-build-pack[0m and container [32mstep-credential-initializer-ch7d6[0m
{"level":"warn","ts":1573038610.0930245,"logger":"fallback-logger","caller":"logging/config.go:69","msg":"Fetch GitHub commit ID from kodata failed: \"ref: refs/heads/master\" is not a valid GitHub commit ID"}
{"level":"info","ts":1573038610.0944467,"logger":"fallback-logger","caller":"creds-init/main.go:40","msg":"Credentials initialized."}

Showing logs for build [32mcb-kubecd-environment-pr-36-1-b-p6rld-1[0m stage [32mfrom-build-pack[0m and container [32mstep-working-dir-initializer-8qp8f[0m
{"level":"warn","ts":1573038611.0757146,"logger":"fallback-logger","caller":"logging/config.go:69","msg":"Fetch GitHub commit ID from kodata failed: open /var/run/ko/HEAD: no such file or directory"}
{"level":"info","ts":1573038611.077307,"logger":"fallback-logger","caller":"bash/main.go:65","msg":"Successfully executed command \"mkdir -p /workspace/source\""}

Showing logs for build [32mcb-kubecd-environment-pr-36-1-b-p6rld-1[0m stage [32mfrom-build-pack[0m and container [32mstep-place-tools[0m

Showing logs for build [32mcb-kubecd-environment-pr-36-1-b-p6rld-1[0m stage [32mfrom-build-pack[0m and container [32mstep-git-source-cb-kubecd-environment-pr-36-1-b-kn8xh[0m
{"level":"warn","ts":1573038639.1104126,"logger":"fallback-logger","caller":"logging/config.go:69","msg":"Fetch GitHub commit ID from kodata failed: \"ref: refs/heads/master\" is not a valid GitHub commit ID"}
{"level":"info","ts":1573038640.225163,"logger":"fallback-logger","caller":"git/git.go:102","msg":"Successfully cloned https://github.com/cb-kubecd/environment-pr-36-1-boot-gke-staging.git @ 078111c5c51ca432ddb269c4e75e384e3d41284d in path /workspace/source"}

Showing logs for build [32mcb-kubecd-environment-pr-36-1-b-p6rld-1[0m stage [32mfrom-build-pack[0m and container [32mstep-git-merge[0m
Using SHAs from PULL_REFS=master:3580fd856ba6b7ec44f2f5dc746a78746f722db4,2:078111c5c51ca432ddb269c4e75e384e3d41284d
DEBUG: ran git fetch --unshallow origin 078111c5c51ca432ddb269c4e75e384e3d41284d: 3580fd856ba6b7ec44f2f5dc746a78746f722db4: in 
DEBUG: ran git checkout master in 
DEBUG: ran git reset --hard 3580fd856ba6b7ec44f2f5dc746a78746f722db4 in 
DEBUG: ran clean --force -d . in 
DEBUG: ran git merge 078111c5c51ca432ddb269c4e75e384e3d41284d in 
Merged SHA 078111c5c51ca432ddb269c4e75e384e3d41284d with commit message 'chore: Promote bdd-gh-1573038476 to version 0.0.1' into base branch master

Showing logs for build [32mcb-kubecd-environment-pr-36-1-b-p6rld-1[0m stage [32mfrom-build-pack[0m and container [32mstep-build-helm-build[0m
WARNING: No $CHART_REPOSITORY defined so using the default value of: http://jenkins-x-chartmuseum:8080
Adding missing Helm repo: storage.googleapis.com https://storage.googleapis.com/chartmuseum.jenkins-x.io
Read credentials for https://storage.googleapis.com/chartmuseum.jenkins-x.io from vault helm/repos
Successfully added Helm repository storage.googleapis.com.
Adding missing Helm repo: jenkins-x-chartmuseum http://jenkins-x-chartmuseum:8080
Read credentials for http://jenkins-x-chartmuseum:8080 from vault helm/repos
Successfully added Helm repository jenkins-x-chartmuseum.
WARNING: No $CHART_REPOSITORY defined so using the default value of: http://jenkins-x-chartmuseum:8080
Adding missing Helm repo: chartmuseum.jenkins-x.io http://chartmuseum.jenkins-x.io
Read credentials for http://chartmuseum.jenkins-x.io from vault helm/repos
Successfully added Helm repository chartmuseum.jenkins-x.io.
